--------------------------------------------
Starting daily TikTok automation: Sun Aug 31 15:14:20 UTC 2025 UTC
4.0K	/home/dav25/mysite_dashboard/videos
4.0K	/home/dav25/mysite_dashboard/videos_posted
4.0K	/home/dav25/mysite_dashboard/cleanup.log
Daily runner finished: Sun Aug 31 15:14:44 UTC 2025 UTC
Next run in 24 hours: Mon Sep  1 15:14:45 UTC 2025 UTC
Starting daily TikTok automation: Sun Aug 31 15:35:16 UTC 2025 UTC
Running weekly analytics update...
Weekly analytics completed. Updated peak hour: 14 UTC
Weekly analytics update executed: Sun Aug 31 15:35:17 UTC 2025 UTC
No videos found to post. Skipping TikTok post.: 2025-08-31 15:35:17 UTC
Cleanup done: 2025-08-31 15:35:17 UTC
Daily runner finished: Sun Aug 31 15:35:17 UTC 2025 UTC
--------------------------------------------
Running weekly analytics update...
Weekly analytics completed. Updated peak hour: 14 UTC
Starting daily TikTok automation: Sun Aug 31 15:56:20 UTC 2025
No videos found to post. Skipping TikTok post.: 2025-08-31 15:56:20 UTC
Cleanup done: 2025-08-31 15:56:20 UTC
Performing lightweight cleanup...
4.0K	/home/dav25/mysite_dashboard/videos
4.0K	/home/dav25/mysite_dashboard/videos_posted
8.0K	/home/dav25/mysite_dashboard/cleanup.log
Cleanup done: Sun Aug 31 15:56:20 UTC 2025
Daily runner finished: Sun Aug 31 15:56:20 UTC 2025
Next run in 24 hours: Mon Sep  1 15:56:20 UTC 2025
/home/dav25/mysite_dashboard/backend/weekly_analytics_update.py:38: DeprecationWarning: datetime.datetime.utcnow() is deprecated and scheduled for removal in a future version. Use timezone-aware objects to represent datetimes in UTC: datetime.datetime.now(datetime.UTC).
  now = datetime.utcnow()
/home/dav25/mysite_dashboard/backend/weekly_analytics_update.py:61: DeprecationWarning: datetime.datetime.utcnow() is deprecated and scheduled for removal in a future version. Use timezone-aware objects to represent datetimes in UTC: datetime.datetime.now(datetime.UTC).
  notification_msg = f"📊 Weekly Analytics Completed. Updated peak hour: {peak_hour} UTC at {datetime.utcnow()} UTC"
Failed to send email: (535, b'5.7.8 Username and Password not accepted. For more information, go to\n5.7.8  https://support.google.com/mail/?p=BadCredentials d75a77b69052e-4b30b67e211sm48103031cf.25 - gsmtp')
Weekly analytics completed. Updated peak hour: 16 UTC
/home/dav25/mysite_dashboard/backend/tiktok_post_scheduler.py:47: DeprecationWarning: datetime.datetime.utcnow() is deprecated and scheduled for removal in a future version. Use timezone-aware objects to represent datetimes in UTC: datetime.datetime.now(datetime.UTC).
  current_hour = datetime.utcnow().hour
/home/dav25/mysite_dashboard/backend/tiktok_post_scheduler.py:50: DeprecationWarning: datetime.datetime.utcnow() is deprecated and scheduled for removal in a future version. Use timezone-aware objects to represent datetimes in UTC: datetime.datetime.now(datetime.UTC).
  print(f"No videos found to post. Skipping TikTok post.: {datetime.utcnow()} UTC")
No videos found to post. Skipping TikTok post.: 2025-08-31 16:37:30.358063 UTC
/home/dav25/mysite_dashboard/backend/weekly_analytics_update.py:38: DeprecationWarning: datetime.datetime.utcnow() is deprecated and scheduled for removal in a future version. Use timezone-aware objects to represent datetimes in UTC: datetime.datetime.now(datetime.UTC).
  now = datetime.utcnow()
/home/dav25/mysite_dashboard/backend/weekly_analytics_update.py:61: DeprecationWarning: datetime.datetime.utcnow() is deprecated and scheduled for removal in a future version. Use timezone-aware objects to represent datetimes in UTC: datetime.datetime.now(datetime.UTC).
  notification_msg = f"📊 Weekly Analytics Completed. Updated peak hour: {peak_hour} UTC at {datetime.utcnow()} UTC"
Failed to send email: (535, b'5.7.8 Username and Password not accepted. For more information, go to\n5.7.8  https://support.google.com/mail/?p=BadCredentials af79cd13be357-7fc16340db0sm531838385a.67 - gsmtp')
Weekly analytics completed. Updated peak hour: 16 UTC
/home/dav25/mysite_dashboard/backend/tiktok_post_scheduler.py:47: DeprecationWarning: datetime.datetime.utcnow() is deprecated and scheduled for removal in a future version. Use timezone-aware objects to represent datetimes in UTC: datetime.datetime.now(datetime.UTC).
  current_hour = datetime.utcnow().hour
/home/dav25/mysite_dashboard/backend/tiktok_post_scheduler.py:50: DeprecationWarning: datetime.datetime.utcnow() is deprecated and scheduled for removal in a future version. Use timezone-aware objects to represent datetimes in UTC: datetime.datetime.now(datetime.UTC).
  print(f"No videos found to post. Skipping TikTok post.: {datetime.utcnow()} UTC")
No videos found to post. Skipping TikTok post.: 2025-08-31 17:37:40.558505 UTC
/home/dav25/mysite_dashboard/backend/weekly_analytics_update.py:38: DeprecationWarning: datetime.datetime.utcnow() is deprecated and scheduled for removal in a future version. Use timezone-aware objects to represent datetimes in UTC: datetime.datetime.now(datetime.UTC).
  now = datetime.utcnow()
/home/dav25/mysite_dashboard/backend/weekly_analytics_update.py:61: DeprecationWarning: datetime.datetime.utcnow() is deprecated and scheduled for removal in a future version. Use timezone-aware objects to represent datetimes in UTC: datetime.datetime.now(datetime.UTC).
  notification_msg = f"📊 Weekly Analytics Completed. Updated peak hour: {peak_hour} UTC at {datetime.utcnow()} UTC"
Failed to send email: (535, b'5.7.8 Username and Password not accepted. For more information, go to\n5.7.8  https://support.google.com/mail/?p=BadCredentials d75a77b69052e-4b30b3de01asm50315211cf.0 - gsmtp')
Weekly analytics completed. Updated peak hour: 17 UTC
/home/dav25/mysite_dashboard/backend/tiktok_post_scheduler.py:47: DeprecationWarning: datetime.datetime.utcnow() is deprecated and scheduled for removal in a future version. Use timezone-aware objects to represent datetimes in UTC: datetime.datetime.now(datetime.UTC).
  current_hour = datetime.utcnow().hour
/home/dav25/mysite_dashboard/backend/tiktok_post_scheduler.py:50: DeprecationWarning: datetime.datetime.utcnow() is deprecated and scheduled for removal in a future version. Use timezone-aware objects to represent datetimes in UTC: datetime.datetime.now(datetime.UTC).
  print(f"No videos found to post. Skipping TikTok post.: {datetime.utcnow()} UTC")
No videos found to post. Skipping TikTok post.: 2025-08-31 18:37:50.659599 UTC
/home/dav25/mysite_dashboard/backend/weekly_analytics_update.py:38: DeprecationWarning: datetime.datetime.utcnow() is deprecated and scheduled for removal in a future version. Use timezone-aware objects to represent datetimes in UTC: datetime.datetime.now(datetime.UTC).
  now = datetime.utcnow()
/home/dav25/mysite_dashboard/backend/weekly_analytics_update.py:61: DeprecationWarning: datetime.datetime.utcnow() is deprecated and scheduled for removal in a future version. Use timezone-aware objects to represent datetimes in UTC: datetime.datetime.now(datetime.UTC).
  notification_msg = f"📊 Weekly Analytics Completed. Updated peak hour: {peak_hour} UTC at {datetime.utcnow()} UTC"
Failed to send email: (535, b'5.7.8 Username and Password not accepted. For more information, go to\n5.7.8  https://support.google.com/mail/?p=BadCredentials af79cd13be357-7fcbc17487bsm484930785a.27 - gsmtp')
Weekly analytics completed. Updated peak hour: 17 UTC
/home/dav25/mysite_dashboard/backend/tiktok_post_scheduler.py:47: DeprecationWarning: datetime.datetime.utcnow() is deprecated and scheduled for removal in a future version. Use timezone-aware objects to represent datetimes in UTC: datetime.datetime.now(datetime.UTC).
  current_hour = datetime.utcnow().hour
/home/dav25/mysite_dashboard/backend/tiktok_post_scheduler.py:50: DeprecationWarning: datetime.datetime.utcnow() is deprecated and scheduled for removal in a future version. Use timezone-aware objects to represent datetimes in UTC: datetime.datetime.now(datetime.UTC).
  print(f"No videos found to post. Skipping TikTok post.: {datetime.utcnow()} UTC")
No videos found to post. Skipping TikTok post.: 2025-08-31 19:38:01.058428 UTC
/home/dav25/mysite_dashboard/backend/weekly_analytics_update.py:38: DeprecationWarning: datetime.datetime.utcnow() is deprecated and scheduled for removal in a future version. Use timezone-aware objects to represent datetimes in UTC: datetime.datetime.now(datetime.UTC).
  now = datetime.utcnow()
/home/dav25/mysite_dashboard/backend/weekly_analytics_update.py:61: DeprecationWarning: datetime.datetime.utcnow() is deprecated and scheduled for removal in a future version. Use timezone-aware objects to represent datetimes in UTC: datetime.datetime.now(datetime.UTC).
  notification_msg = f"📊 Weekly Analytics Completed. Updated peak hour: {peak_hour} UTC at {datetime.utcnow()} UTC"
Failed to send email: (535, b'5.7.8 Username and Password not accepted. For more information, go to\n5.7.8  https://support.google.com/mail/?p=BadCredentials af79cd13be357-7fc153de18asm536148385a.54 - gsmtp')
Weekly analytics completed. Updated peak hour: 17 UTC
/home/dav25/mysite_dashboard/backend/tiktok_post_scheduler.py:47: DeprecationWarning: datetime.datetime.utcnow() is deprecated and scheduled for removal in a future version. Use timezone-aware objects to represent datetimes in UTC: datetime.datetime.now(datetime.UTC).
  current_hour = datetime.utcnow().hour
/home/dav25/mysite_dashboard/backend/tiktok_post_scheduler.py:50: DeprecationWarning: datetime.datetime.utcnow() is deprecated and scheduled for removal in a future version. Use timezone-aware objects to represent datetimes in UTC: datetime.datetime.now(datetime.UTC).
  print(f"No videos found to post. Skipping TikTok post.: {datetime.utcnow()} UTC")
No videos found to post. Skipping TikTok post.: 2025-08-31 20:38:12.262264 UTC
Weekly analytics completed. Updated peak hour: 14 UTC
Failed to send email: (535, b'5.7.8 Username and Password not accepted. For more information, go to\n5.7.8  https://support.google.com/mail/?p=BadCredentials 6a1803df08f44-70fb2838463sm28604566d6.41 - gsmtp')
Current hour 21 UTC is not peak hour (14 UTC). Skipping TikTok post: 2025-08-31 21:24:25 UTC
Weekly analytics completed. Updated peak hour: 14 UTC
Failed to send email: (535, b'5.7.8 Username and Password not accepted. For more information, go to\n5.7.8  https://support.google.com/mail/?p=BadCredentials 6a1803df08f44-70fb28b1e6asm28268856d6.59 - gsmtp')
Current hour 21 UTC is not peak hour (14 UTC). Skipping TikTok post: 2025-08-31 21:29:43 UTC
Weekly analytics completed. Updated peak hour: 14 UTC
Failed to send email: (535, b'5.7.8 Username and Password not accepted. For more information, go to\n5.7.8  https://support.google.com/mail/?p=BadCredentials d75a77b69052e-4b30b536c12sm52886531cf.8 - gsmtp')
Current hour 21 UTC is not peak hour (14 UTC). Skipping TikTok post: 2025-08-31 21:38:15 UTC
Weekly analytics completed. Updated peak hour: 14 UTC
Email sent to uniteldistributorsltd786@gmail.com at 2025-08-31 22:24:28.372131+00:00 UTC
Traceback (most recent call last):
  File "/home/dav25/mysite_dashboard/backend/tiktok_post_scheduler.py", line 5, in <module>
    from backend.post_videos import post_video  # make sure post_video handles API upload
    ^^^^^^^^^^^^^^^^^^^^^^^^^^^^^^^^^^^^^^^^^^
ModuleNotFoundError: No module named 'backend.post_videos'
Weekly analytics completed. Updated peak hour: 14 UTC
Email sent to uniteldistributorsltd786@gmail.com at 2025-08-31 22:29:46.185688+00:00 UTC
Traceback (most recent call last):
  File "/home/dav25/mysite_dashboard/backend/tiktok_post_scheduler.py", line 5, in <module>
    from backend.post_videos import post_video  # make sure post_video handles API upload
    ^^^^^^^^^^^^^^^^^^^^^^^^^^^^^^^^^^^^^^^^^^
ModuleNotFoundError: No module named 'backend.post_videos'
Weekly analytics completed. Updated peak hour: 14 UTC
Email sent to uniteldistributorsltd786@gmail.com at 2025-08-31 22:38:17.421207+00:00 UTC
Traceback (most recent call last):
  File "/home/dav25/mysite_dashboard/backend/tiktok_post_scheduler.py", line 5, in <module>
    from backend.post_videos import post_video  # make sure post_video handles API upload
    ^^^^^^^^^^^^^^^^^^^^^^^^^^^^^^^^^^^^^^^^^^
ModuleNotFoundError: No module named 'backend.post_videos'
Weekly analytics completed. Updated peak hour: 14 UTC
Email sent to uniteldistributorsltd786@gmail.com at 2025-08-31 23:24:33.287614+00:00 UTC
Traceback (most recent call last):
  File "/home/dav25/mysite_dashboard/backend/tiktok_post_scheduler.py", line 2, in <module>
    last_id_path = os.path.expanduser("~/mysite_dashboard/last_posted_video_id.txt")
                   ^^
NameError: name 'os' is not defined. Did you forget to import 'os'?
Weekly analytics completed. Updated peak hour: 14 UTC
Email sent to uniteldistributorsltd786@gmail.com at 2025-08-31 23:29:50.642622+00:00 UTC
Traceback (most recent call last):
  File "/home/dav25/mysite_dashboard/backend/tiktok_post_scheduler.py", line 2, in <module>
    last_id_path = os.path.expanduser("~/mysite_dashboard/last_posted_video_id.txt")
                   ^^
NameError: name 'os' is not defined. Did you forget to import 'os'?
Weekly analytics completed. Updated peak hour: 14 UTC
Email sent to uniteldistributorsltd786@gmail.com at 2025-08-31 23:38:21.652262+00:00 UTC
Traceback (most recent call last):
  File "/home/dav25/mysite_dashboard/backend/tiktok_post_scheduler.py", line 2, in <module>
    last_id_path = os.path.expanduser("~/mysite_dashboard/last_posted_video_id.txt")
                   ^^
NameError: name 'os' is not defined. Did you forget to import 'os'?
--------------------------------------------
[CLEANUP] Starting daily cleanup @ Sun Aug 31 23:40:16 UTC 2025
bash: /home/dav25/mysite_dashboard/backend/auto_cleanup.sh: No such file or directory
[CLEANUP] Cleanup done @ Sun Aug 31 23:40:16 UTC 2025
--------------------------------------------
[POST] Starting TikTok posting @ Sun Aug 31 23:40:16 UTC 2025
Traceback (most recent call last):
  File "/home/dav25/mysite_dashboard/backend/tiktok_post_scheduler.py", line 2, in <module>
    last_id_path = os.path.expanduser("~/mysite_dashboard/last_posted_video_id.txt")
                   ^^
NameError: name 'os' is not defined. Did you forget to import 'os'?
[POST] TikTok posting completed @ Sun Aug 31 23:40:17 UTC 2025
--------------------------------------------
[ANALYTICS] Running weekly analytics update @ Sun Aug 31 23:40:17 UTC 2025
Weekly analytics completed. Updated peak hour: 14 UTC
Email sent to uniteldistributorsltd786@gmail.com at 2025-08-31 23:40:19.682586+00:00 UTC
[ANALYTICS] Weekly analytics update finished @ Sun Aug 31 23:40:19 UTC 2025
--------------------------------------------
[ENGAGE] Starting smart engagement bot @ Sun Aug 31 23:40:19 UTC 2025
[ENGAGE] Starting smart engagement run @ 2025-08-31 23:40:20.258191+00:00 UTC
[SMART ENGAGE] Would LIKE comment 'Awesome video!' on video TEST_VIDEO_ID_123
[SMART ENGAGE] Would REPLY to 'Awesome video!' on video TEST_VIDEO_ID_123: Glad you liked it! 🙌
[SMART ENGAGE] Would PIN comment 'Awesome video!' on video TEST_VIDEO_ID_123
[ENGAGE] Finished smart engagement run @ 2025-08-31 23:40:20.258262+00:00 UTC | likes=1, replies=1, pinned=True
[ENGAGE] Smart engagement bot finished @ Sun Aug 31 23:40:20 UTC 2025
--------------------------------------------
[DAILY RUNNER] Finished daily run @ Sun Aug 31 23:40:20 UTC 2025
Next run in 24 hours.
Weekly analytics completed. Updated peak hour: 14 UTC
Email sent to uniteldistributorsltd786@gmail.com at 2025-09-01 00:24:36.387090+00:00 UTC
Traceback (most recent call last):
  File "/home/dav25/mysite_dashboard/backend/tiktok_post_scheduler.py", line 2, in <module>
    last_id_path = os.path.expanduser("~/mysite_dashboard/last_posted_video_id.txt")
                   ^^
NameError: name 'os' is not defined. Did you forget to import 'os'?
Weekly analytics completed. Updated peak hour: 14 UTC
Email sent to uniteldistributorsltd786@gmail.com at 2025-09-01 00:29:53.416322+00:00 UTC
Traceback (most recent call last):
  File "/home/dav25/mysite_dashboard/backend/tiktok_post_scheduler.py", line 2, in <module>
    last_id_path = os.path.expanduser("~/mysite_dashboard/last_posted_video_id.txt")
                   ^^
NameError: name 'os' is not defined. Did you forget to import 'os'?
Weekly analytics completed. Updated peak hour: 14 UTC
Email sent to uniteldistributorsltd786@gmail.com at 2025-09-01 00:38:24.878637+00:00 UTC
--------------------------------------------
[DAILY RUNNER] Started daily run @ Mon Sep  1 00:40:20 UTC 2025
[CLEANUP] Starting daily cleanup @ Mon Sep  1 00:40:20 UTC 2025
[CLEANUP] No auto_cleanup.sh found, skipping cleanup.
[CLEANUP] Cleanup done @ Mon Sep  1 00:40:20 UTC 2025
--------------------------------------------
[POST] Starting TikTok posting @ Mon Sep  1 00:40:20 UTC 2025
Weekly analytics completed. Updated peak hour: 14 UTC
Email sent to uniteldistributorsltd786@gmail.com at 2025-09-01 01:24:38.257081+00:00 UTC
Weekly analytics completed. Updated peak hour: 14 UTC
Email sent to uniteldistributorsltd786@gmail.com at 2025-09-01 01:29:55.337437+00:00 UTC
